  Main.cpp
  Practice.cpp
C:\Users\osama\source\repos\C++ Practice\C++ Practice\Practice.cpp(30,20): warning C4018: '<': signed/unsigned mismatch
C:\Users\osama\source\repos\C++ Practice\C++ Practice\Practice.cpp(58,32): warning C4018: '<': signed/unsigned mismatch
C:\Users\osama\source\repos\C++ Practice\C++ Practice\Practice.cpp(93,17): warning C4244: 'initializing': conversion from 'float' to 'int', possible loss of data
C:\Program Files (x86)\Microsoft Visual Studio\2019\Community\VC\Tools\MSVC\14.28.29910\include\numeric(35,26): warning C4244: '=': conversion from 'float' to '_Ty', possible loss of data
          with
          [
              _Ty=int
          ]
C:\Program Files (x86)\Microsoft Visual Studio\2019\Community\VC\Tools\MSVC\14.28.29910\include\numeric(44): message : see reference to function template instantiation '_Ty std::accumulate<_InIt,_Ty,std::plus<void>>(const _InIt,const _InIt,_Ty,_Fn)' being compiled
          with
          [
              _Ty=int,
              _InIt=std::_Vector_iterator<std::_Vector_val<std::_Simple_types<float>>>,
              _Fn=std::plus<void>
          ]
C:\Users\osama\source\repos\C++ Practice\C++ Practice\Practice.cpp(74): message : see reference to function template instantiation '_Ty std::accumulate<std::_Vector_iterator<std::_Vector_val<std::_Simple_types<float>>>,int>(const _InIt,const _InIt,_Ty)' being compiled
          with
          [
              _Ty=int,
              _InIt=std::_Vector_iterator<std::_Vector_val<std::_Simple_types<float>>>
          ]
  Generating Code...
  C++ Practice.vcxproj -> C:\Users\osama\source\repos\C++ Practice\Debug\C++ Practice.exe
